<?xml version="1.0" encoding="UTF-8"?>
<testsuite name="org.example.SILab2Test" tests="2" skipped="0" failures="0" errors="0" timestamp="2022-05-23T07:34:59" hostname="desktop" time="0.013">
  <properties/>
  <testcase name="everyStatementTest()" classname="org.example.SILab2Test" time="0.011"/>
  <testcase name="everyBranchTest()" classname="org.example.SILab2Test" time="0.001"/>
  <system-out><![CDATA[]]></system-out>
  <system-err><![CDATA[]]></system-err>
</testsuite>
